  test.c
  소스.cpp
c:\users\김규헌\source\repos\project5\project5\소스.cpp(50): error C2440: 'return': 'bool'에서 'subjectNode *'(으)로 변환할 수 없습니다.
  c:\users\김규헌\source\repos\project5\project5\소스.cpp(50): note: 정수 계열 형식에서 포인터 형식으로 변환하려면 reinterpret_cast, C 스타일 캐스트 또는 함수 스타일 캐스트가 필요합니다.
c:\users\김규헌\source\repos\project5\project5\소스.cpp(66): error C2440: 'return': 'StackNode *'에서 'subjectNode *'(으)로 변환할 수 없습니다.
  c:\users\김규헌\source\repos\project5\project5\소스.cpp(66): note: 가리킨 형식이 관련이 없습니다. 변환하려면 reinterpret_cast, C 스타일 캐스트 또는 함수 스타일 캐스트가 필요합니다.
c:\users\김규헌\source\repos\project5\project5\소스.cpp(76): error C2664: 'void *memset(void *,int,::size_t)': 인수 2을(를) 'char []'에서 'int'(으)로 변환할 수 없습니다.
  c:\users\김규헌\source\repos\project5\project5\소스.cpp(76): note: 이 변환이 가능한 컨텍스트가 없습니다.
c:\users\김규헌\source\repos\project5\project5\소스.cpp(85): error C2011: 'subjectType': 'struct' 형식 재정의
  c:\users\김규헌\source\repos\project5\project5\소스.cpp(22): note: 'subjectType' 선언을 참조하십시오.
c:\users\김규헌\source\repos\project5\project5\소스.cpp(98): error C2027: 정의되지 않은 형식 'subjectType'을(를) 사용했습니다.
  c:\users\김규헌\source\repos\project5\project5\소스.cpp(22): note: 'subjectType' 선언을 참조하십시오.
c:\users\김규헌\source\repos\project5\project5\소스.cpp(98): error C2227: '->list' 왼쪽은 클래스/구조체/공용 구조체/제네릭 형식을 가리켜야 합니다.
c:\users\김규헌\source\repos\project5\project5\소스.cpp(106): error C2027: 정의되지 않은 형식 'subjectType'을(를) 사용했습니다.
  c:\users\김규헌\source\repos\project5\project5\소스.cpp(22): note: 'subjectType' 선언을 참조하십시오.
c:\users\김규헌\source\repos\project5\project5\소스.cpp(106): error C2227: '->list' 왼쪽은 클래스/구조체/공용 구조체/제네릭 형식을 가리켜야 합니다.
c:\users\김규헌\source\repos\project5\project5\소스.cpp(107): error C2027: 정의되지 않은 형식 'subjectType'을(를) 사용했습니다.
  c:\users\김규헌\source\repos\project5\project5\소스.cpp(22): note: 'subjectType' 선언을 참조하십시오.
c:\users\김규헌\source\repos\project5\project5\소스.cpp(107): error C2227: '->compare_name' 왼쪽은 클래스/구조체/공용 구조체/제네릭 형식을 가리켜야 합니다.
c:\users\김규헌\source\repos\project5\project5\소스.cpp(108): error C2027: 정의되지 않은 형식 'subjectType'을(를) 사용했습니다.
  c:\users\김규헌\source\repos\project5\project5\소스.cpp(22): note: 'subjectType' 선언을 참조하십시오.
c:\users\김규헌\source\repos\project5\project5\소스.cpp(108): error C2227: '->list' 왼쪽은 클래스/구조체/공용 구조체/제네릭 형식을 가리켜야 합니다.
c:\users\김규헌\source\repos\project5\project5\소스.cpp(109): error C2027: 정의되지 않은 형식 'subjectType'을(를) 사용했습니다.
  c:\users\김규헌\source\repos\project5\project5\소스.cpp(22): note: 'subjectType' 선언을 참조하십시오.
c:\users\김규헌\source\repos\project5\project5\소스.cpp(109): error C2227: '->list' 왼쪽은 클래스/구조체/공용 구조체/제네릭 형식을 가리켜야 합니다.
c:\users\김규헌\source\repos\project5\project5\소스.cpp(119): error C2601: 'search_name': 지역 함수 정의가 잘못되었습니다.
  c:\users\김규헌\source\repos\project5\project5\소스.cpp(92): note: 이 줄에 짝이 되지 않는 '{'가 들어 있습니다.
c:\users\김규헌\source\repos\project5\project5\소스.cpp(124): error C2601: 'search_next_name': 지역 함수 정의가 잘못되었습니다.
  c:\users\김규헌\source\repos\project5\project5\소스.cpp(92): note: 이 줄에 짝이 되지 않는 '{'가 들어 있습니다.
c:\users\김규헌\source\repos\project5\project5\소스.cpp(137): error C2601: 'search_pre_name': 지역 함수 정의가 잘못되었습니다.
  c:\users\김규헌\source\repos\project5\project5\소스.cpp(92): note: 이 줄에 짝이 되지 않는 '{'가 들어 있습니다.
c:\users\김규헌\source\repos\project5\project5\소스.cpp(151): error C2601: 'search_GS': 지역 함수 정의가 잘못되었습니다.
  c:\users\김규헌\source\repos\project5\project5\소스.cpp(92): note: 이 줄에 짝이 되지 않는 '{'가 들어 있습니다.
c:\users\김규헌\source\repos\project5\project5\소스.cpp(156): error C2601: 'search_grade_semester': 지역 함수 정의가 잘못되었습니다.
  c:\users\김규헌\source\repos\project5\project5\소스.cpp(92): note: 이 줄에 짝이 되지 않는 '{'가 들어 있습니다.
c:\users\김규헌\source\repos\project5\project5\소스.cpp(171): error C2601: 'insert_schedule': 지역 함수 정의가 잘못되었습니다.
  c:\users\김규헌\source\repos\project5\project5\소스.cpp(92): note: 이 줄에 짝이 되지 않는 '{'가 들어 있습니다.
c:\users\김규헌\source\repos\project5\project5\소스.cpp(179): error C2601: 'show_schedule': 지역 함수 정의가 잘못되었습니다.
  c:\users\김규헌\source\repos\project5\project5\소스.cpp(92): note: 이 줄에 짝이 되지 않는 '{'가 들어 있습니다.
c:\users\김규헌\source\repos\project5\project5\소스.cpp(229): error C2601: 'menu': 지역 함수 정의가 잘못되었습니다.
  c:\users\김규헌\source\repos\project5\project5\소스.cpp(92): note: 이 줄에 짝이 되지 않는 '{'가 들어 있습니다.
c:\users\김규헌\source\repos\project5\project5\소스.cpp(248): error C2601: 'search': 지역 함수 정의가 잘못되었습니다.
  c:\users\김규헌\source\repos\project5\project5\소스.cpp(92): note: 이 줄에 짝이 되지 않는 '{'가 들어 있습니다.
c:\users\김규헌\source\repos\project5\project5\소스.cpp(263): error C2601: 'main': 지역 함수 정의가 잘못되었습니다.
  c:\users\김규헌\source\repos\project5\project5\소스.cpp(92): note: 이 줄에 짝이 되지 않는 '{'가 들어 있습니다.
c:\users\김규헌\source\repos\project5\project5\소스.cpp(92): fatal error C1075: 파일 끝에서 왼쪽 중괄호 '{'이(가) 일치하지 않습니다.
